<?xml version="1.0" encoding="UTF-8"?>
<!-- Generated by org.testng.reporters.JUnitReportReporter -->
<testsuite hostname="DESKTOP-IG9QF6N" name="Org.qsp.TestNGDemo.AssertEqDemo" tests="1" failures="0" timestamp="31 Jul 2020 04:59:35 GMT" time="0.024" errors="0">
  <testcase name="m1" time="0.024" classname="Org.qsp.TestNGDemo.AssertEqDemo"/>
</testsuite> <!-- Org.qsp.TestNGDemo.AssertEqDemo -->
