<?xml version="1.0" encoding="UTF-8"?>
<!-- Generated by org.testng.reporters.JUnitReportReporter -->
<testsuite hostname="DESKTOP-IG9QF6N" name="Org.qsp.TestNGDemo.TestNgDemo" tests="2" failures="0" timestamp="24 Jul 2020 08:12:19 GMT" time="10.257" errors="0">
  <testcase name="m1" time="10.254" classname="Org.qsp.TestNGDemo.TestNgDemo"/>
  <testcase name="m2" time="0.003" classname="Org.qsp.TestNGDemo.TestNgDemo"/>
</testsuite> <!-- Org.qsp.TestNGDemo.TestNgDemo -->
