<?xml version="1.0" encoding="UTF-8"?>
<!-- Generated by org.testng.reporters.JUnitReportReporter -->
<testsuite hostname="DESKTOP-IG9QF6N" name="Org.qsp.TestNGDemo.Parallel1" tests="1" failures="0" timestamp="31 Jul 2020 05:43:50 GMT" time="23.887" errors="0">
  <testcase name="m1" time="23.887" classname="Org.qsp.TestNGDemo.Parallel1"/>
</testsuite> <!-- Org.qsp.TestNGDemo.Parallel1 -->
