<?xml version="1.0" encoding="UTF-8"?>
<!-- Generated by org.testng.reporters.JUnitReportReporter -->
<testsuite hostname="DESKTOP-IG9QF6N" name="Org.qsp.TestNGDemo.ActiTimeTestNg" tests="2" failures="0" timestamp="28 Jul 2020 09:57:50 GMT" time="48.396" errors="0">
  <testcase name="m2" time="25.815" classname="Org.qsp.TestNGDemo.ActiTimeTestNg"/>
  <testcase name="m1" time="22.581" classname="Org.qsp.TestNGDemo.ActiTimeTestNg"/>
</testsuite> <!-- Org.qsp.TestNGDemo.ActiTimeTestNg -->
