<?xml version="1.0" encoding="UTF-8"?>
<!-- Generated by org.testng.reporters.JUnitReportReporter -->
<testsuite hostname="DESKTOP-IG9QF6N" name="Org.qsp.TestNGDemo.ReadDataXlDemo" tests="3" failures="0" timestamp="30 Jul 2020 06:26:35 GMT" time="0.018" errors="0">
  <testcase name="abc" time="0.002" classname="Org.qsp.TestNGDemo.ReadDataXlDemo"/>
  <testcase name="abc" time="0.002" classname="Org.qsp.TestNGDemo.ReadDataXlDemo"/>
  <testcase name="abc" time="0.014" classname="Org.qsp.TestNGDemo.ReadDataXlDemo"/>
</testsuite> <!-- Org.qsp.TestNGDemo.ReadDataXlDemo -->
