<?xml version="1.0" encoding="UTF-8"?>
<!-- Generated by org.testng.reporters.JUnitReportReporter -->
<testsuite hostname="DESKTOP-IG9QF6N" name="Org.qsp.TestNGDemo.Demo2" tests="6" failures="0" timestamp="28 Jul 2020 05:55:37 GMT" time="0.031" errors="0">
  <testcase name="m4" time="0.002" classname="Org.qsp.TestNGDemo.Demo2"/>
  <testcase name="m5" time="0.006" classname="Org.qsp.TestNGDemo.Demo2"/>
  <testcase name="m1" time="0.015" classname="Org.qsp.TestNGDemo.Demo2"/>
  <testcase name="m6" time="0.003" classname="Org.qsp.TestNGDemo.Demo2"/>
  <testcase name="m2" time="0.002" classname="Org.qsp.TestNGDemo.Demo2"/>
  <testcase name="m3" time="0.003" classname="Org.qsp.TestNGDemo.Demo2"/>
</testsuite> <!-- Org.qsp.TestNGDemo.Demo2 -->
