<?xml version="1.0" encoding="UTF-8"?>
<!-- Generated by org.testng.reporters.JUnitReportReporter -->
<testsuite hostname="DESKTOP-IG9QF6N" name="Org.qsp.TestNGDemo.DataProvidrDemo" tests="3" failures="0" timestamp="30 Jul 2020 04:56:10 GMT" time="0.028" errors="0">
  <testcase name="mm1" time="0.006" classname="Org.qsp.TestNGDemo.DataProvidrDemo"/>
  <testcase name="mm1" time="0.017" classname="Org.qsp.TestNGDemo.DataProvidrDemo"/>
  <testcase name="mm1" time="0.005" classname="Org.qsp.TestNGDemo.DataProvidrDemo"/>
</testsuite> <!-- Org.qsp.TestNGDemo.DataProvidrDemo -->
