<?xml version="1.0" encoding="UTF-8"?>
<!-- Generated by org.testng.reporters.JUnitReportReporter -->
<testsuite hostname="DESKTOP-IG9QF6N" name="Org.qsp.TestNGDemo.PractTNg2" tests="7" failures="0" timestamp="28 Jul 2020 09:42:46 GMT" time="0.030" errors="0">
  <testcase name="g3" time="0.004" classname="Org.qsp.TestNGDemo.PractTNg2"/>
  <testcase name="g5" time="0.002" classname="Org.qsp.TestNGDemo.PractTNg2"/>
  <testcase name="g6" time="0.004" classname="Org.qsp.TestNGDemo.PractTNg2"/>
  <testcase name="g2" time="0.014" classname="Org.qsp.TestNGDemo.PractTNg2"/>
  <testcase name="g7" time="0.002" classname="Org.qsp.TestNGDemo.PractTNg2"/>
  <testcase name="g1" time="0.003" classname="Org.qsp.TestNGDemo.PractTNg2"/>
  <testcase name="g4" time="0.001" classname="Org.qsp.TestNGDemo.PractTNg2"/>
</testsuite> <!-- Org.qsp.TestNGDemo.PractTNg2 -->
