<?xml version="1.0" encoding="UTF-8"?>
<!-- Generated by org.testng.reporters.JUnitReportReporter -->
<testsuite hostname="DESKTOP-IG9QF6N" name="Org.qsp.TestNGDemo.Parallel2" tests="2" failures="0" timestamp="31 Jul 2020 06:00:36 GMT" time="36.509" errors="0">
  <testcase name="m2" time="18.470" classname="Org.qsp.TestNGDemo.Parallel2"/>
  <testcase name="m1" time="18.039" classname="Org.qsp.TestNGDemo.Parallel2"/>
</testsuite> <!-- Org.qsp.TestNGDemo.Parallel2 -->
