<?xml version="1.0" encoding="UTF-8"?>
<!-- Generated by org.testng.reporters.JUnitReportReporter -->
<testsuite hostname="DESKTOP-IG9QF6N" name="Org.qsp.TestNGDemo.DemoList2" tests="2" failures="0" timestamp="29 Jul 2020 10:13:16 GMT" time="0.031" errors="0">
  <testcase name="ab21" time="0.005" classname="Org.qsp.TestNGDemo.DemoList2"/>
  <testcase name="ab11" time="0.026" classname="Org.qsp.TestNGDemo.DemoList2"/>
</testsuite> <!-- Org.qsp.TestNGDemo.DemoList2 -->
